Script started on 2023-04-05 21:38:03+05:30 [TERM="xterm-256color" TTY="/dev/pts/5" COLUMNS="119" LINES="18"]
[?2004h]0;yuvansasubilli@Yuvan-PC: /mnt/d/CS3205/lab4[01;32myuvansasubilli@Yuvan-PC[00m:[01;34m/mnt/d/CS3205/lab4[00m$ python3 Send.py -s localhost -d -p 7777 -n 400 -l 512 -r 100 -w 3 -f 10
[?2004lSeq #:0  Time Generated:1680711000.6608322  RTT:0.000518798828125   Number of Attempts:1
Seq #:1  Time Generated:1680711000.6609027  RTT:0.0005254745483398438   Number of Attempts:1
Seq #:2  Time Generated:1680711000.6609356  RTT:0.0005190372467041016   Number of Attempts:1
Seq #:3  Time Generated:1680711000.671694  RTT:0.001863241195678711   Number of Attempts:1
Seq #:4  Time Generated:1680711000.683072  RTT:0.00030040740966796875   Number of Attempts:2
Seq #:5  Time Generated:1680711000.6831083  RTT:0.00032901763916015625   Number of Attempts:2
Seq #:6  Time Generated:1680711000.683129  RTT:0.0003228187561035156   Number of Attempts:1
Seq #:7  Time Generated:1680711000.7977495  RTT:0.0006339550018310547   Number of Attempts:2
Seq #:8  Time Generated:1680711000.7978444  RTT:0.0006933212280273438   Number of Attempts:2
Seq #:9  Time Generated:1680711000.808512  RTT:0.0006842613220214844   Number of Attempts:3
Seq #:10  Time Generated:1680711000.8086343  RTT:0.0008409023284912109   Number of Attempts:1
Seq #:11  Time Generated:1680711000.808728  RTT:0.0009808540344238281   Number of Attempts:1
Seq #:12  Time Generated:1680711000.8196025  RTT:0.0006814002990722656   Number of Attempts:1
Seq #:13  Time Generated:1680711000.8197515  RTT:0.0006568431854248047   Number of Attempts:1
Seq #:14  Time Generated:1680711000.8198643  RTT:0.0006053447723388672   Number of Attempts:1
Seq #:15  Time Generated:1680711000.8304589  RTT:0.0011157989501953125   Number of Attempts:1
Seq #:16  Time Generated:1680711000.841385  RTT:0.0005085468292236328   Number of Attempts:2
Seq #:17  Time Generated:1680711000.8415132  RTT:0.0005099773406982422   Number of Attempts:2
Seq #:18  Time Generated:1680711000.841669  RTT:0.0006103515625   Number of Attempts:1
Seq #:19  Time Generated:1680711000.8521678  RTT:0.0003211498260498047   Number of Attempts:1
Seq #:20  Time Generated:1680711000.8522108  RTT:0.0003364086151123047   Number of Attempts:1
Seq #:21  Time Generated:1680711000.8522332  RTT:0.00034236907958984375   Number of Attempts:1
Seq #:22  Time Generated:1680711000.8625882  RTT:0.0003783702850341797   Number of Attempts:1
Seq #:23  Time Generated:1680711000.8626208  RTT:0.00047278404235839844   Number of Attempts:1
Seq #:24  Time Generated:1680711000.8626378  RTT:0.0004878044128417969   Number of Attempts:1
Seq #:25  Time Generated:1680711000.8729548  RTT:0.00023603439331054688   Number of Attempts:1
Seq #:26  Time Generated:1680711000.8835313  RTT:0.00033926963806152344   Number of Attempts:2
Seq #:27  Time Generated:1680711000.883558  RTT:0.0004432201385498047   Number of Attempts:2
Seq #:28  Time Generated:1680711000.8835716  RTT:0.0004551410675048828   Number of Attempts:1
Seq #:29  Time Generated:1680711000.8941221  RTT:0.0003991127014160156   Number of Attempts:1
Seq #:30  Time Generated:1680711000.894196  RTT:0.00040221214294433594   Number of Attempts:1
Seq #:31  Time Generated:1680711000.8942268  RTT:0.00040531158447265625   Number of Attempts:1
Seq #:32  Time Generated:1680711000.9050753  RTT:0.0006232261657714844   Number of Attempts:1
Seq #:33  Time Generated:1680711000.9161468  RTT:0.00028967857360839844   Number of Attempts:2
Seq #:34  Time Generated:1680711000.9268286  RTT:0.0002536773681640625   Number of Attempts:3
Seq #:35  Time Generated:1680711000.9268556  RTT:0.0002837181091308594   Number of Attempts:2
Seq #:36  Time Generated:1680711000.9268706  RTT:0.00028228759765625   Number of Attempts:1
Seq #:37  Time Generated:1680711000.937372  RTT:0.00036525726318359375   Number of Attempts:1
Seq #:38  Time Generated:1680711000.9373972  RTT:0.00040602684020996094   Number of Attempts:1
Seq #:39  Time Generated:1680711000.9374104  RTT:0.00043702125549316406   Number of Attempts:1
Seq #:40  Time Generated:1680711000.9481828  RTT:0.0002999305725097656   Number of Attempts:1
Seq #:41  Time Generated:1680711000.9482188  RTT:0.0003437995910644531   Number of Attempts:1
Seq #:42  Time Generated:1680711000.9482384  RTT:0.00034332275390625   Number of Attempts:1
Seq #:43  Time Generated:1680711000.9589498  RTT:0.0002474784851074219   Number of Attempts:1
Seq #:44  Time Generated:1680711000.958978  RTT:0.0002715587615966797   Number of Attempts:1
Seq #:45  Time Generated:1680711000.9589925  RTT:0.00027179718017578125   Number of Attempts:1
Seq #:46  Time Generated:1680711000.9692469  RTT:0.0002529621124267578   Number of Attempts:1
Seq #:47  Time Generated:1680711000.9692724  RTT:0.00029277801513671875   Number of Attempts:1
Seq #:48  Time Generated:1680711000.969286  RTT:0.00029754638671875   Number of Attempts:1
Seq #:49  Time Generated:1680711000.9799054  RTT:0.0008404254913330078   Number of Attempts:1
Seq #:50  Time Generated:1680711000.9799528  RTT:0.0009660720825195312   Number of Attempts:1
Seq #:51  Time Generated:1680711000.979972  RTT:0.000997304916381836   Number of Attempts:1
Seq #:52  Time Generated:1680711000.9906187  RTT:0.00027441978454589844   Number of Attempts:1
Seq #:53  Time Generated:1680711001.0018413  RTT:0.0005867481231689453   Number of Attempts:2
Seq #:54  Time Generated:1680711001.001914  RTT:0.0006237030029296875   Number of Attempts:2
Seq #:55  Time Generated:1680711001.001992  RTT:0.0005614757537841797   Number of Attempts:1
Seq #:56  Time Generated:1680711001.0123303  RTT:0.0003216266632080078   Number of Attempts:1
Seq #:57  Time Generated:1680711001.0123613  RTT:0.00044918060302734375   Number of Attempts:1
Seq #:58  Time Generated:1680711001.01238  RTT:0.0004703998565673828   Number of Attempts:1
Seq #:59  Time Generated:1680711001.0229893  RTT:0.0002703666687011719   Number of Attempts:1
Seq #:60  Time Generated:1680711001.0230591  RTT:0.0002548694610595703   Number of Attempts:1
Seq #:61  Time Generated:1680711001.0230803  RTT:0.0002486705780029297   Number of Attempts:1
Seq #:62  Time Generated:1680711001.0342898  RTT:0.0007638931274414062   Number of Attempts:1
Seq #:63  Time Generated:1680711001.0343785  RTT:0.0008122920989990234   Number of Attempts:1
Seq #:64  Time Generated:1680711001.034407  RTT:0.0008153915405273438   Number of Attempts:1
Seq #:65  Time Generated:1680711001.0450976  RTT:0.0002982616424560547   Number of Attempts:1
Seq #:66  Time Generated:1680711001.045216  RTT:0.0002467632293701172   Number of Attempts:1
Seq #:67  Time Generated:1680711001.0452375  RTT:0.00024509429931640625   Number of Attempts:1
Seq #:68  Time Generated:1680711001.0660594  RTT:0.0003581047058105469   Number of Attempts:2
Seq #:69  Time Generated:1680711001.0660841  RTT:0.0004000663757324219   Number of Attempts:2
Seq #:70  Time Generated:1680711001.0763962  RTT:0.00021982192993164062   Number of Attempts:3
Seq #:71  Time Generated:1680711001.0764205  RTT:0.00022864341735839844   Number of Attempts:1
Seq #:72  Time Generated:1680711001.0764346  RTT:0.0002315044403076172   Number of Attempts:1
Seq #:73  Time Generated:1680711001.098065  RTT:0.00025916099548339844   Number of Attempts:2
Seq #:74  Time Generated:1680711001.0981064  RTT:0.00026798248291015625   Number of Attempts:2
Seq #:75  Time Generated:1680711001.0981266  RTT:0.0002589225769042969   Number of Attempts:2
Seq #:76  Time Generated:1680711001.108654  RTT:0.00026535987854003906   Number of Attempts:1
Seq #:77  Time Generated:1680711001.1087003  RTT:0.00029969215393066406   Number of Attempts:1
Seq #:78  Time Generated:1680711001.1189742  RTT:0.00039267539978027344   Number of Attempts:2
Seq #:79  Time Generated:1680711001.1189992  RTT:0.0004062652587890625   Number of Attempts:1
Seq #:80  Time Generated:1680711001.1190166  RTT:0.00043773651123046875   Number of Attempts:1
Seq #:81  Time Generated:1680711001.129699  RTT:0.0005333423614501953   Number of Attempts:1
Seq #:82  Time Generated:1680711001.1297562  RTT:0.0006463527679443359   Number of Attempts:1
Seq #:83  Time Generated:1680711001.1297736  RTT:0.0006577968597412109   Number of Attempts:1
Seq #:84  Time Generated:1680711001.1403317  RTT:0.0002808570861816406   Number of Attempts:1
Seq #:85  Time Generated:1680711001.1515098  RTT:0.0003407001495361328   Number of Attempts:2
Seq #:86  Time Generated:1680711001.1515346  RTT:0.0003502368927001953   Number of Attempts:2
Seq #:87  Time Generated:1680711001.1515477  RTT:0.0003478527069091797   Number of Attempts:1
Seq #:88  Time Generated:1680711001.182642  RTT:0.0003364086151123047   Number of Attempts:3
Seq #:89  Time Generated:1680711001.1826665  RTT:0.00043511390686035156   Number of Attempts:3
Seq #:90  Time Generated:1680711001.1826801  RTT:0.0004363059997558594   Number of Attempts:3
Seq #:91  Time Generated:1680711001.193307  RTT:0.0002536773681640625   Number of Attempts:1
Seq #:92  Time Generated:1680711001.1933353  RTT:0.00029850006103515625   Number of Attempts:1
Seq #:93  Time Generated:1680711001.20401  RTT:0.00037384033203125   Number of Attempts:2
Seq #:94  Time Generated:1680711001.2040358  RTT:0.0005395412445068359   Number of Attempts:1
Seq #:95  Time Generated:1680711001.2040486  RTT:0.0005419254302978516   Number of Attempts:1
Seq #:96  Time Generated:1680711001.2148085  RTT:0.0002982616424560547   Number of Attempts:1
Seq #:97  Time Generated:1680711001.2148488  RTT:0.00036406517028808594   Number of Attempts:1
Seq #:98  Time Generated:1680711001.2148733  RTT:0.00036644935607910156   Number of Attempts:1
Seq #:99  Time Generated:1680711001.225114  RTT:0.00027561187744140625   Number of Attempts:1
Seq #:100  Time Generated:1680711001.225142  RTT:0.0003039836883544922   Number of Attempts:1
Seq #:101  Time Generated:1680711001.2251554  RTT:0.0003063678741455078   Number of Attempts:1
Seq #:102  Time Generated:1680711001.2355719  RTT:0.00023484230041503906   Number of Attempts:1
Seq #:103  Time Generated:1680711001.2355974  RTT:0.0002646446228027344   Number of Attempts:1
Seq #:104  Time Generated:1680711001.2356105  RTT:0.0002665519714355469   Number of Attempts:1
Seq #:105  Time Generated:1680711001.246056  RTT:0.00047278404235839844   Number of Attempts:1
Seq #:106  Time Generated:1680711001.246134  RTT:0.0005254745483398438   Number of Attempts:1
Seq #:107  Time Generated:1680711001.2461793  RTT:0.0005056858062744141   Number of Attempts:1
Seq #:108  Time Generated:1680711001.256791  RTT:0.0004341602325439453   Number of Attempts:1
Seq #:109  Time Generated:1680711001.2568498  RTT:0.0005047321319580078   Number of Attempts:1
Seq #:110  Time Generated:1680711001.2568796  RTT:0.0005123615264892578   Number of Attempts:1
Seq #:111  Time Generated:1680711001.2689486  RTT:0.0008003711700439453   Number of Attempts:1
Seq #:112  Time Generated:1680711001.2693133  RTT:0.0005156993865966797   Number of Attempts:1
Seq #:113  Time Generated:1680711001.2693691  RTT:0.0004928112030029297   Number of Attempts:1
Seq #:114  Time Generated:1680711001.2804508  RTT:0.0006320476531982422   Number of Attempts:1
Seq #:115  Time Generated:1680711001.2806866  RTT:0.0007822513580322266   Number of Attempts:1
Seq #:116  Time Generated:1680711001.2807853  RTT:0.0010387897491455078   Number of Attempts:1
Seq #:117  Time Generated:1680711001.291523  RTT:0.00033402442932128906   Number of Attempts:1
Seq #:118  Time Generated:1680711001.2915716  RTT:0.00039386749267578125   Number of Attempts:1
Seq #:119  Time Generated:1680711001.2915955  RTT:0.0004012584686279297   Number of Attempts:1
Seq #:120  Time Generated:1680711001.3025618  RTT:0.0004210472106933594   Number of Attempts:1
Seq #:121  Time Generated:1680711001.3026385  RTT:0.0004458427429199219   Number of Attempts:1
Seq #:122  Time Generated:1680711001.3026612  RTT:0.0004634857177734375   Number of Attempts:1
Seq #:123  Time Generated:1680711001.3135595  RTT:0.0007622241973876953   Number of Attempts:1
Seq #:124  Time Generated:1680711001.313727  RTT:0.0009081363677978516   Number of Attempts:1
Seq #:125  Time Generated:1680711001.3138058  RTT:0.0009894371032714844   Number of Attempts:1
Seq #:126  Time Generated:1680711001.324182  RTT:0.0003008842468261719   Number of Attempts:1
Seq #:127  Time Generated:1680711001.324242  RTT:0.00031065940856933594   Number of Attempts:1
Seq #:128  Time Generated:1680711001.3242733  RTT:0.0003046989440917969   Number of Attempts:1
Seq #:129  Time Generated:1680711001.3356602  RTT:0.0006229877471923828   Number of Attempts:1
Seq #:130  Time Generated:1680711001.3468978  RTT:0.0008449554443359375   Number of Attempts:2
Seq #:131  Time Generated:1680711001.347118  RTT:0.0008897781372070312   Number of Attempts:2
Seq #:132  Time Generated:1680711001.3471992  RTT:0.0010142326354980469   Number of Attempts:1
Seq #:133  Time Generated:1680711001.3689454  RTT:0.0003597736358642578   Number of Attempts:2
Seq #:134  Time Generated:1680711001.3689709  RTT:0.00037360191345214844   Number of Attempts:2
Seq #:135  Time Generated:1680711001.368984  RTT:0.0003762245178222656   Number of Attempts:2
Seq #:136  Time Generated:1680711001.3797805  RTT:0.0006258487701416016   Number of Attempts:1
Seq #:137  Time Generated:1680711001.3798678  RTT:0.0006926059722900391   Number of Attempts:1
Seq #:138  Time Generated:1680711001.3798985  RTT:0.0007164478302001953   Number of Attempts:1
Seq #:139  Time Generated:1680711001.390224  RTT:0.0002276897430419922   Number of Attempts:1
Seq #:140  Time Generated:1680711001.3902566  RTT:0.00025010108947753906   Number of Attempts:1
Seq #:141  Time Generated:1680711001.39028  RTT:0.00026798248291015625   Number of Attempts:1
Seq #:142  Time Generated:1680711001.4011471  RTT:0.000247955322265625   Number of Attempts:1
Seq #:143  Time Generated:1680711001.411671  RTT:0.00028586387634277344   Number of Attempts:2
Seq #:144  Time Generated:1680711001.4117854  RTT:0.00023365020751953125   Number of Attempts:2
Seq #:145  Time Generated:1680711001.4221444  RTT:0.0002651214599609375   Number of Attempts:2
Seq #:146  Time Generated:1680711001.4324915  RTT:0.0002560615539550781   Number of Attempts:2
Seq #:147  Time Generated:1680711001.432516  RTT:0.0003719329833984375   Number of Attempts:2
Seq #:148  Time Generated:1680711001.4325297  RTT:0.0003745555877685547   Number of Attempts:1
Seq #:149  Time Generated:1680711001.443042  RTT:0.0002624988555908203   Number of Attempts:1
Seq #:150  Time Generated:1680711001.4534388  RTT:0.0005042552947998047   Number of Attempts:2
Seq #:151  Time Generated:1680711001.4534638  RTT:0.000537872314453125   Number of Attempts:2
Seq #:152  Time Generated:1680711001.4534774  RTT:0.0005929470062255859   Number of Attempts:1
Seq #:153  Time Generated:1680711001.4646003  RTT:0.0004277229309082031   Number of Attempts:1
Seq #:154  Time Generated:1680711001.464861  RTT:0.0002636909484863281   Number of Attempts:1
Seq #:155  Time Generated:1680711001.4755857  RTT:0.0002598762512207031   Number of Attempts:2
Seq #:156  Time Generated:1680711001.475614  RTT:0.0002803802490234375   Number of Attempts:1
Seq #:157  Time Generated:1680711001.4756289  RTT:0.0002815723419189453   Number of Attempts:1
Seq #:158  Time Generated:1680711001.485933  RTT:0.0004520416259765625   Number of Attempts:1
Seq #:159  Time Generated:1680711001.4859586  RTT:0.00046253204345703125   Number of Attempts:1
Seq #:160  Time Generated:1680711001.485976  RTT:0.0004565715789794922   Number of Attempts:1
Seq #:161  Time Generated:1680711001.4965029  RTT:0.0005900859832763672   Number of Attempts:1
Seq #:162  Time Generated:1680711001.4965894  RTT:0.0006864070892333984   Number of Attempts:1
Seq #:163  Time Generated:1680711001.4966063  RTT:0.0006997585296630859   Number of Attempts:1
Seq #:164  Time Generated:1680711001.50702  RTT:0.0002682209014892578   Number of Attempts:1
Seq #:165  Time Generated:1680711001.5070477  RTT:0.0003116130828857422   Number of Attempts:1
Seq #:166  Time Generated:1680711001.5070622  RTT:0.0003116130828857422   Number of Attempts:1
Seq #:167  Time Generated:1680711001.518071  RTT:0.0005655288696289062   Number of Attempts:1
Seq #:168  Time Generated:1680711001.518137  RTT:0.0005893707275390625   Number of Attempts:1
Seq #:169  Time Generated:1680711001.5181668  RTT:0.0005753040313720703   Number of Attempts:1
Seq #:170  Time Generated:1680711001.5286615  RTT:0.00023555755615234375   Number of Attempts:1
Seq #:171  Time Generated:1680711001.5288093  RTT:0.00013780593872070312   Number of Attempts:1
Seq #:172  Time Generated:1680711001.5288231  RTT:0.0001380443572998047   Number of Attempts:1
Seq #:173  Time Generated:1680711001.5393448  RTT:0.000293731689453125   Number of Attempts:1
Seq #:174  Time Generated:1680711001.5496926  RTT:0.0003178119659423828   Number of Attempts:2
Seq #:175  Time Generated:1680711001.5605302  RTT:0.0008709430694580078   Number of Attempts:3
Seq #:176  Time Generated:1680711001.5607386  RTT:0.0007565021514892578   Number of Attempts:2
Seq #:177  Time Generated:1680711001.560857  RTT:0.0006890296936035156   Number of Attempts:1
Seq #:178  Time Generated:1680711001.5712132  RTT:0.00021767616271972656   Number of Attempts:1
Seq #:179  Time Generated:1680711001.5712376  RTT:0.000247955322265625   Number of Attempts:1
Seq #:180  Time Generated:1680711001.5712507  RTT:0.0002491474151611328   Number of Attempts:1
Seq #:181  Time Generated:1680711001.5816255  RTT:0.00039386749267578125   Number of Attempts:1
Seq #:182  Time Generated:1680711001.5816581  RTT:0.0004336833953857422   Number of Attempts:1
Seq #:183  Time Generated:1680711001.5816717  RTT:0.00044035911560058594   Number of Attempts:1
Seq #:184  Time Generated:1680711001.5920165  RTT:0.0002143383026123047   Number of Attempts:1
Seq #:185  Time Generated:1680711001.592041  RTT:0.0002200603485107422   Number of Attempts:1
Seq #:186  Time Generated:1680711001.5920544  RTT:0.00021696090698242188   Number of Attempts:1
Seq #:187  Time Generated:1680711001.6025825  RTT:0.00037980079650878906   Number of Attempts:1
Seq #:188  Time Generated:1680711001.6026316  RTT:0.0003764629364013672   Number of Attempts:1
Seq #:189  Time Generated:1680711001.6026554  RTT:0.00036716461181640625   Number of Attempts:1
Seq #:190  Time Generated:1680711001.6133196  RTT:0.0006709098815917969   Number of Attempts:1
Seq #:191  Time Generated:1680711001.6237898  RTT:0.00022363662719726562   Number of Attempts:2
Seq #:192  Time Generated:1680711001.6238198  RTT:0.0002219676971435547   Number of Attempts:2
Seq #:193  Time Generated:1680711001.6347373  RTT:0.0003592967987060547   Number of Attempts:2
Seq #:194  Time Generated:1680711001.6347628  RTT:0.0003952980041503906   Number of Attempts:1
Seq #:195  Time Generated:1680711001.6347759  RTT:0.00042176246643066406   Number of Attempts:1
Seq #:196  Time Generated:1680711001.645206  RTT:0.000247955322265625   Number of Attempts:1
Seq #:197  Time Generated:1680711001.6453154  RTT:0.0002105236053466797   Number of Attempts:1
Seq #:198  Time Generated:1680711001.6453362  RTT:0.0002129077911376953   Number of Attempts:1
Seq #:199  Time Generated:1680711001.6664379  RTT:0.0004723072052001953   Number of Attempts:2
Seq #:200  Time Generated:1680711001.666464  RTT:0.0008168220520019531   Number of Attempts:2
Seq #:201  Time Generated:1680711001.6664782  RTT:0.0008702278137207031   Number of Attempts:2
Seq #:202  Time Generated:1680711001.676727  RTT:0.0002353191375732422   Number of Attempts:1
Seq #:203  Time Generated:1680711001.676752  RTT:0.00026988983154296875   Number of Attempts:1
Seq #:204  Time Generated:1680711001.6767657  RTT:0.0002732276916503906   Number of Attempts:1
Seq #:205  Time Generated:1680711001.6871245  RTT:0.00023317337036132812   Number of Attempts:1
Seq #:206  Time Generated:1680711001.6871517  RTT:0.0002677440643310547   Number of Attempts:1
Seq #:207  Time Generated:1680711001.687165  RTT:0.00027251243591308594   Number of Attempts:1
Seq #:208  Time Generated:1680711001.6976411  RTT:0.00025582313537597656   Number of Attempts:1
Seq #:209  Time Generated:1680711001.6976728  RTT:0.0002772808074951172   Number of Attempts:1
Seq #:210  Time Generated:1680711001.6976867  RTT:0.00028228759765625   Number of Attempts:1
Seq #:211  Time Generated:1680711001.7082143  RTT:0.00025010108947753906   Number of Attempts:1
Seq #:212  Time Generated:1680711001.708242  RTT:0.0003056526184082031   Number of Attempts:1
Seq #:213  Time Generated:1680711001.7082562  RTT:0.0003075599670410156   Number of Attempts:1
Seq #:214  Time Generated:1680711001.719002  RTT:0.00030732154846191406   Number of Attempts:1
Seq #:215  Time Generated:1680711001.7190373  RTT:0.0003314018249511719   Number of Attempts:1
Seq #:216  Time Generated:1680711001.7190506  RTT:0.0003337860107421875   Number of Attempts:1
Seq #:217  Time Generated:1680711001.7296996  RTT:0.0004832744598388672   Number of Attempts:1
Seq #:218  Time Generated:1680711001.729753  RTT:0.0006144046783447266   Number of Attempts:1
Seq #:219  Time Generated:1680711001.729773  RTT:0.0006263256072998047   Number of Attempts:1
Seq #:220  Time Generated:1680711001.7404492  RTT:0.00024580955505371094   Number of Attempts:1
Seq #:221  Time Generated:1680711001.740477  RTT:0.0002713203430175781   Number of Attempts:1
Seq #:222  Time Generated:1680711001.7404912  RTT:0.0002751350402832031   Number of Attempts:1
Seq #:223  Time Generated:1680711001.7515638  RTT:0.0006117820739746094   Number of Attempts:1
Seq #:224  Time Generated:1680711001.7516546  RTT:0.0005733966827392578   Number of Attempts:1
Seq #:225  Time Generated:1680711001.7516923  RTT:0.0005691051483154297   Number of Attempts:1
Seq #:226  Time Generated:1680711001.7620716  RTT:0.0002422332763671875   Number of Attempts:1
Seq #:227  Time Generated:1680711001.7620978  RTT:0.0002663135528564453   Number of Attempts:1
Seq #:228  Time Generated:1680711001.7621114  RTT:0.0002791881561279297   Number of Attempts:1
Seq #:229  Time Generated:1680711001.7724702  RTT:0.0002334117889404297   Number of Attempts:1
Seq #:230  Time Generated:1680711001.772496  RTT:0.00024175643920898438   Number of Attempts:1
Seq #:231  Time Generated:1680711001.77251  RTT:0.0002384185791015625   Number of Attempts:1
Seq #:232  Time Generated:1680711001.7831366  RTT:0.0002605915069580078   Number of Attempts:1
Seq #:233  Time Generated:1680711001.804595  RTT:0.0002987384796142578   Number of Attempts:3
Seq #:234  Time Generated:1680711001.8046207  RTT:0.0003101825714111328   Number of Attempts:3
Seq #:235  Time Generated:1680711001.8046353  RTT:0.00030493736267089844   Number of Attempts:2
Seq #:236  Time Generated:1680711001.815095  RTT:0.0003440380096435547   Number of Attempts:1
Seq #:237  Time Generated:1680711001.815137  RTT:0.0003495216369628906   Number of Attempts:1
Seq #:238  Time Generated:1680711001.8151515  RTT:0.0003457069396972656   Number of Attempts:1
Seq #:239  Time Generated:1680711001.8254008  RTT:0.0002148151397705078   Number of Attempts:1
Seq #:240  Time Generated:1680711001.825425  RTT:0.00022172927856445312   Number of Attempts:1
Seq #:241  Time Generated:1680711001.8254383  RTT:0.000240325927734375   Number of Attempts:1
Seq #:242  Time Generated:1680711001.8360083  RTT:0.0006155967712402344   Number of Attempts:1
Seq #:243  Time Generated:1680711001.846869  RTT:0.0008008480072021484   Number of Attempts:2
Seq #:244  Time Generated:1680711001.8470156  RTT:0.000812530517578125   Number of Attempts:2
Seq #:245  Time Generated:1680711001.847069  RTT:0.0010840892791748047   Number of Attempts:1
Seq #:246  Time Generated:1680711001.8577788  RTT:0.00039458274841308594   Number of Attempts:1
Seq #:247  Time Generated:1680711001.8578367  RTT:0.00046896934509277344   Number of Attempts:1
Seq #:248  Time Generated:1680711001.857866  RTT:0.0005016326904296875   Number of Attempts:1
Seq #:249  Time Generated:1680711001.8693357  RTT:0.0007123947143554688   Number of Attempts:1
Seq #:250  Time Generated:1680711001.8695843  RTT:0.0005545616149902344   Number of Attempts:1
Seq #:251  Time Generated:1680711001.8696654  RTT:0.0005125999450683594   Number of Attempts:1
Seq #:252  Time Generated:1680711001.8807523  RTT:0.0005886554718017578   Number of Attempts:1
Seq #:253  Time Generated:1680711001.8808289  RTT:0.0005726814270019531   Number of Attempts:1
Seq #:254  Time Generated:1680711001.8808577  RTT:0.0005662441253662109   Number of Attempts:1
Seq #:0  Time Generated:1680711001.8918245  RTT:0.0004000663757324219   Number of Attempts:1
Seq #:1  Time Generated:1680711001.8919785  RTT:0.0005881786346435547   Number of Attempts:1
Seq #:2  Time Generated:1680711001.8920653  RTT:0.0005810260772705078   Number of Attempts:1
Seq #:3  Time Generated:1680711001.9026074  RTT:0.0005862712860107422   Number of Attempts:1
Seq #:4  Time Generated:1680711001.902661  RTT:0.0005953311920166016   Number of Attempts:1
Seq #:5  Time Generated:1680711001.9026897  RTT:0.0005888938903808594   Number of Attempts:1
Seq #:6  Time Generated:1680711001.9136975  RTT:0.0008246898651123047   Number of Attempts:1
Seq #:7  Time Generated:1680711001.913836  RTT:0.0007836818695068359   Number of Attempts:1
Seq #:8  Time Generated:1680711001.9139838  RTT:0.0006585121154785156   Number of Attempts:1
Seq #:9  Time Generated:1680711001.9243846  RTT:0.00038170814514160156   Number of Attempts:1
Seq #:10  Time Generated:1680711001.9244387  RTT:0.00047659873962402344   Number of Attempts:1
Seq #:11  Time Generated:1680711001.9244685  RTT:0.0005981922149658203   Number of Attempts:1
Seq #:12  Time Generated:1680711001.9354577  RTT:0.0004115104675292969   Number of Attempts:1
Seq #:13  Time Generated:1680711001.935527  RTT:0.0004570484161376953   Number of Attempts:1
Seq #:14  Time Generated:1680711001.9355588  RTT:0.0005478858947753906   Number of Attempts:1
Seq #:15  Time Generated:1680711001.9461663  RTT:0.0006456375122070312   Number of Attempts:1
Seq #:16  Time Generated:1680711001.946277  RTT:0.0007214546203613281   Number of Attempts:1
Seq #:17  Time Generated:1680711001.9463158  RTT:0.0008692741394042969   Number of Attempts:1
Seq #:18  Time Generated:1680711001.9567273  RTT:0.0004405975341796875   Number of Attempts:1
Seq #:19  Time Generated:1680711001.956786  RTT:0.0004982948303222656   Number of Attempts:1
Seq #:20  Time Generated:1680711001.9568164  RTT:0.0004992485046386719   Number of Attempts:1
Seq #:21  Time Generated:1680711001.9681263  RTT:0.0010912418365478516   Number of Attempts:1
Seq #:22  Time Generated:1680711001.9682567  RTT:0.001407623291015625   Number of Attempts:1
Seq #:23  Time Generated:1680711001.9683163  RTT:0.0015559196472167969   Number of Attempts:1
Seq #:24  Time Generated:1680711001.9789248  RTT:0.00037026405334472656   Number of Attempts:1
Seq #:25  Time Generated:1680711001.9790003  RTT:0.0003693103790283203   Number of Attempts:1
Seq #:26  Time Generated:1680711001.979049  RTT:0.0005159378051757812   Number of Attempts:1
Seq #:27  Time Generated:1680711001.9898953  RTT:0.0004410743713378906   Number of Attempts:1
Seq #:28  Time Generated:1680711002.0019255  RTT:0.0005576610565185547   Number of Attempts:2
Seq #:29  Time Generated:1680711002.0021234  RTT:0.0004985332489013672   Number of Attempts:2
Seq #:30  Time Generated:1680711002.0022106  RTT:0.0004558563232421875   Number of Attempts:1
Seq #:31  Time Generated:1680711002.0127392  RTT:0.0005090236663818359   Number of Attempts:1
Seq #:32  Time Generated:1680711002.0128007  RTT:0.0005381107330322266   Number of Attempts:1
Seq #:33  Time Generated:1680711002.0128462  RTT:0.0005218982696533203   Number of Attempts:1
Seq #:34  Time Generated:1680711002.0235612  RTT:0.00039458274841308594   Number of Attempts:1
Seq #:35  Time Generated:1680711002.023621  RTT:0.0003991127014160156   Number of Attempts:1
Seq #:36  Time Generated:1680711002.0236518  RTT:0.0003962516784667969   Number of Attempts:1
Seq #:37  Time Generated:1680711002.035515  RTT:0.0008733272552490234   Number of Attempts:1
Seq #:38  Time Generated:1680711002.0358517  RTT:0.0006260871887207031   Number of Attempts:1
Seq #:39  Time Generated:1680711002.0469046  RTT:0.0009400844573974609   Number of Attempts:2
Seq #:40  Time Generated:1680711002.0470793  RTT:0.0009591579437255859   Number of Attempts:1
Seq #:41  Time Generated:1680711002.0471427  RTT:0.0009322166442871094   Number of Attempts:1
Seq #:42  Time Generated:1680711002.057803  RTT:0.00043845176696777344   Number of Attempts:1
Seq #:43  Time Generated:1680711002.057878  RTT:0.0004639625549316406   Number of Attempts:1
Seq #:44  Time Generated:1680711002.0579078  RTT:0.00046324729919433594   Number of Attempts:1
Seq #:45  Time Generated:1680711002.0691905  RTT:0.0005776882171630859   Number of Attempts:1
Seq #:46  Time Generated:1680711002.0692935  RTT:0.0005586147308349609   Number of Attempts:1
Seq #:47  Time Generated:1680711002.0693238  RTT:0.0005648136138916016   Number of Attempts:1
Seq #:48  Time Generated:1680711002.0800261  RTT:0.000762939453125   Number of Attempts:1
Seq #:49  Time Generated:1680711002.0801501  RTT:0.0008509159088134766   Number of Attempts:1
Seq #:50  Time Generated:1680711002.080194  RTT:0.0008780956268310547   Number of Attempts:1
Seq #:51  Time Generated:1680711002.090945  RTT:0.0004200935363769531   Number of Attempts:1
Seq #:52  Time Generated:1680711002.091005  RTT:0.0004265308380126953   Number of Attempts:1
Seq #:53  Time Generated:1680711002.091035  RTT:0.0004239082336425781   Number of Attempts:1
Seq #:54  Time Generated:1680711002.102403  RTT:0.0004794597625732422   Number of Attempts:1
Seq #:55  Time Generated:1680711002.1024866  RTT:0.0004582405090332031   Number of Attempts:1
Seq #:56  Time Generated:1680711002.1025176  RTT:0.0004506111145019531   Number of Attempts:1
Seq #:57  Time Generated:1680711002.1134927  RTT:0.0009131431579589844   Number of Attempts:1
Seq #:58  Time Generated:1680711002.1135871  RTT:0.0009975433349609375   Number of Attempts:1
Seq #:59  Time Generated:1680711002.1136518  RTT:0.0010526180267333984   Number of Attempts:1
Seq #:60  Time Generated:1680711002.1240838  RTT:0.0004134178161621094   Number of Attempts:1
Seq #:61  Time Generated:1680711002.1241372  RTT:0.0004482269287109375   Number of Attempts:1
Seq #:62  Time Generated:1680711002.1241658  RTT:0.0004417896270751953   Number of Attempts:1
Seq #:63  Time Generated:1680711002.1459277  RTT:0.00039267539978027344   Number of Attempts:2
Seq #:64  Time Generated:1680711002.1459866  RTT:0.0004317760467529297   Number of Attempts:2
Seq #:65  Time Generated:1680711002.1460156  RTT:0.0004379749298095703   Number of Attempts:2
Seq #:66  Time Generated:1680711002.1563835  RTT:0.0003962516784667969   Number of Attempts:1
Seq #:67  Time Generated:1680711002.1564362  RTT:0.00045871734619140625   Number of Attempts:1
Seq #:68  Time Generated:1680711002.1681187  RTT:0.0009927749633789062   Number of Attempts:2
Seq #:69  Time Generated:1680711002.1683066  RTT:0.0009329319000244141   Number of Attempts:1
Seq #:70  Time Generated:1680711002.1683707  RTT:0.0009145736694335938   Number of Attempts:1
Seq #:71  Time Generated:1680711002.178951  RTT:0.00038051605224609375   Number of Attempts:1
Seq #:72  Time Generated:1680711002.1790254  RTT:0.0004699230194091797   Number of Attempts:1
Seq #:73  Time Generated:1680711002.1790743  RTT:0.0004649162292480469   Number of Attempts:1
Seq #:74  Time Generated:1680711002.1897666  RTT:0.00042819976806640625   Number of Attempts:1
Seq #:75  Time Generated:1680711002.1899068  RTT:0.0003552436828613281   Number of Attempts:1
Seq #:76  Time Generated:1680711002.1899538  RTT:0.0004649162292480469   Number of Attempts:1
Seq #:77  Time Generated:1680711002.2134912  RTT:0.0007710456848144531   Number of Attempts:2
Seq #:78  Time Generated:1680711002.213669  RTT:0.0007381439208984375   Number of Attempts:2
Seq #:79  Time Generated:1680711002.2137318  RTT:0.0009875297546386719   Number of Attempts:2
Seq #:80  Time Generated:1680711002.2243626  RTT:0.0004112720489501953   Number of Attempts:1
Seq #:81  Time Generated:1680711002.2244196  RTT:0.0004856586456298828   Number of Attempts:1
Seq #:82  Time Generated:1680711002.2244499  RTT:0.0005397796630859375   Number of Attempts:1
Seq #:83  Time Generated:1680711002.2357605  RTT:0.00046944618225097656   Number of Attempts:1
Seq #:84  Time Generated:1680711002.2358727  RTT:0.0004165172576904297   Number of Attempts:1
Seq #:85  Time Generated:1680711002.2359023  RTT:0.00040984153747558594   Number of Attempts:1
Seq #:86  Time Generated:1680711002.2464008  RTT:0.0007166862487792969   Number of Attempts:1
Seq #:87  Time Generated:1680711002.2468865  RTT:0.00038623809814453125   Number of Attempts:1
Seq #:88  Time Generated:1680711002.246996  RTT:0.0003228187561035156   Number of Attempts:1
Seq #:89  Time Generated:1680711002.2577634  RTT:0.0004229545593261719   Number of Attempts:1
Seq #:90  Time Generated:1680711002.280238  RTT:0.0008394718170166016   Number of Attempts:3
Seq #:91  Time Generated:1680711002.280356  RTT:0.0009434223175048828   Number of Attempts:3
Seq #:92  Time Generated:1680711002.2911592  RTT:0.0004329681396484375   Number of Attempts:3
Seq #:93  Time Generated:1680711002.2912188  RTT:0.0005049705505371094   Number of Attempts:1
Seq #:94  Time Generated:1680711002.291248  RTT:0.0005156993865966797   Number of Attempts:1
Seq #:95  Time Generated:1680711002.3023021  RTT:0.0004398822784423828   Number of Attempts:1
Seq #:96  Time Generated:1680711002.3023858  RTT:0.0004992485046386719   Number of Attempts:1
Seq #:97  Time Generated:1680711002.3128085  RTT:0.0004563331604003906   Number of Attempts:2
Seq #:98  Time Generated:1680711002.312889  RTT:0.0005059242248535156   Number of Attempts:1
Seq #:99  Time Generated:1680711002.3129237  RTT:0.0005011558532714844   Number of Attempts:1
Seq #:100  Time Generated:1680711002.323592  RTT:0.0004410743713378906   Number of Attempts:1
Seq #:101  Time Generated:1680711002.3236504  RTT:0.0005588531494140625   Number of Attempts:1
Seq #:102  Time Generated:1680711002.3348668  RTT:0.0007863044738769531   Number of Attempts:2
Seq #:103  Time Generated:1680711002.3351378  RTT:0.0005793571472167969   Number of Attempts:1
Seq #:104  Time Generated:1680711002.3562875  RTT:0.00036835670471191406   Number of Attempts:3
Seq #:105  Time Generated:1680711002.3563423  RTT:0.0003712177276611328   Number of Attempts:2
Seq #:106  Time Generated:1680711002.3563716  RTT:0.00036334991455078125   Number of Attempts:2
Seq #:107  Time Generated:1680711002.3668444  RTT:0.0012052059173583984   Number of Attempts:1
Seq #:108  Time Generated:1680711002.3669102  RTT:0.0013644695281982422   Number of Attempts:1
Seq #:109  Time Generated:1680711002.3670454  RTT:0.0013384819030761719   Number of Attempts:1
Seq #:110  Time Generated:1680711002.3775306  RTT:0.0003514289855957031   Number of Attempts:1
Seq #:111  Time Generated:1680711002.3776093  RTT:0.0003895759582519531   Number of Attempts:1
Seq #:112  Time Generated:1680711002.3776584  RTT:0.00037598609924316406   Number of Attempts:1
Seq #:113  Time Generated:1680711002.38815  RTT:0.0004019737243652344   Number of Attempts:1
Seq #:114  Time Generated:1680711002.3988638  RTT:0.0008091926574707031   Number of Attempts:2
Seq #:115  Time Generated:1680711002.3989525  RTT:0.0016002655029296875   Number of Attempts:2
Seq #:116  Time Generated:1680711002.409647  RTT:0.00042176246643066406   Number of Attempts:2
Seq #:117  Time Generated:1680711002.4097118  RTT:0.0004870891571044922   Number of Attempts:1
Seq #:118  Time Generated:1680711002.409743  RTT:0.0004935264587402344   Number of Attempts:1
Seq #:119  Time Generated:1680711002.4202368  RTT:0.0005497932434082031   Number of Attempts:1
Seq #:120  Time Generated:1680711002.420337  RTT:0.0005669593811035156   Number of Attempts:1
Seq #:121  Time Generated:1680711002.4203775  RTT:0.0005562305450439453   Number of Attempts:1
Seq #:122  Time Generated:1680711002.4312756  RTT:0.0008749961853027344   Number of Attempts:1
Seq #:123  Time Generated:1680711002.4313817  RTT:0.0008318424224853516   Number of Attempts:1
Seq #:124  Time Generated:1680711002.4314425  RTT:0.0007944107055664062   Number of Attempts:1
Seq #:125  Time Generated:1680711002.4419727  RTT:0.0004210472106933594   Number of Attempts:1
Seq #:126  Time Generated:1680711002.4420314  RTT:0.00047278404235839844   Number of Attempts:1
Seq #:127  Time Generated:1680711002.4420617  RTT:0.00047278404235839844   Number of Attempts:1
Seq #:128  Time Generated:1680711002.4635973  RTT:0.0014083385467529297   Number of Attempts:2
Seq #:129  Time Generated:1680711002.4637287  RTT:0.0015227794647216797   Number of Attempts:2
Seq #:130  Time Generated:1680711002.4637878  RTT:0.0016252994537353516   Number of Attempts:2
Seq #:131  Time Generated:1680711002.47454  RTT:0.00038695335388183594   Number of Attempts:1
Seq #:132  Time Generated:1680711002.474601  RTT:0.00045680999755859375   Number of Attempts:1
Seq #:133  Time Generated:1680711002.4746313  RTT:0.00047278404235839844   Number of Attempts:1
Seq #:134  Time Generated:1680711002.4857028  RTT:0.0004799365997314453   Number of Attempts:1
Seq #:135  Time Generated:1680711002.4857705  RTT:0.0004749298095703125   Number of Attempts:1
Seq #:136  Time Generated:1680711002.485815  RTT:0.0004527568817138672   Number of Attempts:1
Seq #:137  Time Generated:1680711002.4963243  RTT:0.0004937648773193359   Number of Attempts:1
Seq #:138  Time Generated:1680711002.4963999  RTT:0.0006685256958007812   Number of Attempts:1
Seq #:139  Time Generated:1680711002.496447  RTT:0.0006825923919677734   Number of Attempts:1
Seq #:140  Time Generated:1680711002.5185378  RTT:0.0008816719055175781   Number of Attempts:2
Seq #:141  Time Generated:1680711002.518756  RTT:0.0007824897766113281   Number of Attempts:2
Seq #:142  Time Generated:1680711002.5188491  RTT:0.0007162094116210938   Number of Attempts:2
Seq #:143  Time Generated:1680711002.5294352  RTT:0.0006687641143798828   Number of Attempts:1
Seq #:144  Time Generated:1680711002.5295463  RTT:0.0006742477416992188   Number of Attempts:1
Total packets sent: 400
Total packets acknowledged: 400
Retransmission Ratio: 1.235
Average RTT: 0.5055910348892211
[?2004h]0;yuvansasubilli@Yuvan-PC: /mnt/d/CS3205/lab4[01;32myuvansasubilli@Yuvan-PC[00m:[01;34m/mnt/d/CS3205/lab4[00m$ exit
[?2004lexit

Script done on 2023-04-05 21:40:08+05:30 [COMMAND_EXIT_CODE="0"]
